2025-05-25T10:00:01Z INFO  service=api request=/healthz status=200
2025-05-25T10:00:02Z INFO  service=api request=/users   status=200
2025-05-25T10:00:03Z WARN  service=api request=/users   status=200 latency_ms=812
2025-05-25T10:00:04Z ERROR service=api request=/orders  status=500 err="db timeout"
2025-05-25T10:00:05Z INFO  service=api request=/orders  status=200
2025-05-25T10:00:06Z DEBUG service=api cache=hit key=user:42
2025-05-25T10:00:07Z INFO  service=worker job=email queued=12
2025-05-25T10:00:08Z ERROR service=worker job=email err="smtp unreachable"
2025-05-25T10:00:09Z WARN  service=api request=/login   status=401
2025-05-25T10:00:10Z INFO  service=api request=/login   status=200
2025-05-25T10:00:11Z INFO  service=api request=/orders  status=200
2025-05-25T10:00:12Z ERROR service=api request=/orders  status=500 err="db timeout"
2025-05-25T10:00:13Z INFO  service=api request=/healthz status=200
2025-05-25T10:00:14Z DEBUG service=api cache=miss key=user:7
2025-05-25T10:00:15Z INFO  service=api request=/users   status=200
2025-05-25T10:00:16Z WARN  service=worker job=report duration_s=42
2025-05-25T10:00:17Z INFO  service=api request=/orders  status=201
2025-05-25T10:00:18Z ERROR service=api request=/payments status=502 err="upstream"
2025-05-25T10:00:19Z INFO  service=api request=/payments status=200
2025-05-25T10:00:20Z INFO  service=api request=/logout  status=204
